{"/home/runner/work/QR-Dakoku/QR-Dakoku/docs/js/app.js": {"path":"/home/runner/work/QR-Dakoku/QR-Dakoku/docs/js/app.js","statementMap":{"0":{"start":{"line":10,"column":8},"end":{"line":24,"column":10}},"1":{"start":{"line":27,"column":8},"end":{"line":27,"column":33}},"2":{"start":{"line":28,"column":8},"end":{"line":28,"column":34}},"3":{"start":{"line":31,"column":8},"end":{"line":31,"column":34}},"4":{"start":{"line":34,"column":8},"end":{"line":34,"column":34}},"5":{"start":{"line":41,"column":8},"end":{"line":41,"column":96}},"6":{"start":{"line":41,"column":65},"end":{"line":41,"column":94}},"7":{"start":{"line":42,"column":8},"end":{"line":42,"column":98}},"8":{"start":{"line":42,"column":66},"end":{"line":42,"column":96}},"9":{"start":{"line":43,"column":8},"end":{"line":43,"column":85}},"10":{"start":{"line":43,"column":65},"end":{"line":43,"column":83}},"11":{"start":{"line":44,"column":8},"end":{"line":44,"column":90}},"12":{"start":{"line":44,"column":70},"end":{"line":44,"column":88}},"13":{"start":{"line":51,"column":8},"end":{"line":53,"column":9}},"14":{"start":{"line":52,"column":12},"end":{"line":52,"column":76}},"15":{"start":{"line":61,"column":8},"end":{"line":89,"column":9}},"16":{"start":{"line":63,"column":27},"end":{"line":63,"column":40}},"17":{"start":{"line":65,"column":12},"end":{"line":68,"column":13}},"18":{"start":{"line":66,"column":16},"end":{"line":66,"column":59}},"19":{"start":{"line":67,"column":16},"end":{"line":67,"column":23}},"20":{"start":{"line":71,"column":30},"end":{"line":75,"column":13}},"21":{"start":{"line":78,"column":26},"end":{"line":78,"column":81}},"22":{"start":{"line":81,"column":12},"end":{"line":81,"column":68}},"23":{"start":{"line":84,"column":12},"end":{"line":84,"column":42}},"24":{"start":{"line":87,"column":12},"end":{"line":87,"column":41}},"25":{"start":{"line":88,"column":12},"end":{"line":88,"column":63}},"26":{"start":{"line":100,"column":8},"end":{"line":100,"column":25}},"27":{"start":{"line":103,"column":8},"end":{"line":103,"column":57}},"28":{"start":{"line":106,"column":8},"end":{"line":106,"column":53}},"29":{"start":{"line":109,"column":27},"end":{"line":109,"column":66}},"30":{"start":{"line":110,"column":20},"end":{"line":110,"column":30}},"31":{"start":{"line":111,"column":24},"end":{"line":111,"column":55}},"32":{"start":{"line":113,"column":8},"end":{"line":113,"column":58}},"33":{"start":{"line":114,"column":8},"end":{"line":114,"column":55}},"34":{"start":{"line":117,"column":8},"end":{"line":117,"column":65}},"35":{"start":{"line":120,"column":8},"end":{"line":135,"column":9}},"36":{"start":{"line":121,"column":12},"end":{"line":130,"column":15}},"37":{"start":{"line":129,"column":16},"end":{"line":129,"column":66}},"38":{"start":{"line":132,"column":12},"end":{"line":132,"column":48}},"39":{"start":{"line":133,"column":12},"end":{"line":133,"column":47}},"40":{"start":{"line":134,"column":12},"end":{"line":134,"column":19}},"41":{"start":{"line":138,"column":8},"end":{"line":138,"column":56}},"42":{"start":{"line":141,"column":8},"end":{"line":141,"column":35}},"43":{"start":{"line":150,"column":8},"end":{"line":152,"column":9}},"44":{"start":{"line":151,"column":12},"end":{"line":151,"column":46}},"45":{"start":{"line":154,"column":28},"end":{"line":171,"column":9}},"46":{"start":{"line":155,"column":30},"end":{"line":155,"column":78}},"47":{"start":{"line":157,"column":12},"end":{"line":162,"column":13}},"48":{"start":{"line":159,"column":16},"end":{"line":159,"column":35}},"49":{"start":{"line":160,"column":16},"end":{"line":160,"column":52}},"50":{"start":{"line":161,"column":16},"end":{"line":161,"column":23}},"51":{"start":{"line":165,"column":28},"end":{"line":165,"column":54}},"52":{"start":{"line":166,"column":28},"end":{"line":166,"column":42}},"53":{"start":{"line":167,"column":12},"end":{"line":167,"column":98}},"54":{"start":{"line":170,"column":12},"end":{"line":170,"column":58}},"55":{"start":{"line":174,"column":8},"end":{"line":174,"column":22}},"56":{"start":{"line":177,"column":8},"end":{"line":177,"column":60}},"57":{"start":{"line":185,"column":8},"end":{"line":188,"column":9}},"58":{"start":{"line":186,"column":12},"end":{"line":186,"column":46}},"59":{"start":{"line":187,"column":12},"end":{"line":187,"column":38}},"60":{"start":{"line":191,"column":8},"end":{"line":191,"column":53}},"61":{"start":{"line":194,"column":8},"end":{"line":194,"column":60}},"62":{"start":{"line":197,"column":8},"end":{"line":197,"column":33}},"63":{"start":{"line":205,"column":8},"end":{"line":205,"column":57}},"64":{"start":{"line":206,"column":8},"end":{"line":206,"column":59}},"65":{"start":{"line":213,"column":8},"end":{"line":213,"column":56}},"66":{"start":{"line":218,"column":0},"end":{"line":220,"column":3}},"67":{"start":{"line":219,"column":4},"end":{"line":219,"column":22}}},"fnMap":{"0":{"name":"(anonymous_0)","decl":{"start":{"line":8,"column":4},"end":{"line":8,"column":5}},"loc":{"start":{"line":8,"column":18},"end":{"line":35,"column":5}},"line":8},"1":{"name":"(anonymous_1)","decl":{"start":{"line":40,"column":4},"end":{"line":40,"column":5}},"loc":{"start":{"line":40,"column":25},"end":{"line":45,"column":5}},"line":40},"2":{"name":"(anonymous_2)","decl":{"start":{"line":41,"column":59},"end":{"line":41,"column":60}},"loc":{"start":{"line":41,"column":65},"end":{"line":41,"column":94}},"line":41},"3":{"name":"(anonymous_3)","decl":{"start":{"line":42,"column":60},"end":{"line":42,"column":61}},"loc":{"start":{"line":42,"column":66},"end":{"line":42,"column":96}},"line":42},"4":{"name":"(anonymous_4)","decl":{"start":{"line":43,"column":59},"end":{"line":43,"column":60}},"loc":{"start":{"line":43,"column":65},"end":{"line":43,"column":83}},"line":43},"5":{"name":"(anonymous_5)","decl":{"start":{"line":44,"column":64},"end":{"line":44,"column":65}},"loc":{"start":{"line":44,"column":70},"end":{"line":44,"column":88}},"line":44},"6":{"name":"(anonymous_6)","decl":{"start":{"line":50,"column":4},"end":{"line":50,"column":5}},"loc":{"start":{"line":50,"column":25},"end":{"line":54,"column":5}},"line":50},"7":{"name":"(anonymous_7)","decl":{"start":{"line":60,"column":4},"end":{"line":60,"column":5}},"loc":{"start":{"line":60,"column":35},"end":{"line":90,"column":5}},"line":60},"8":{"name":"(anonymous_8)","decl":{"start":{"line":98,"column":4},"end":{"line":98,"column":5}},"loc":{"start":{"line":98,"column":49},"end":{"line":142,"column":5}},"line":98},"9":{"name":"(anonymous_9)","decl":{"start":{"line":128,"column":20},"end":{"line":128,"column":21}},"loc":{"start":{"line":128,"column":30},"end":{"line":130,"column":13}},"line":128},"10":{"name":"(anonymous_10)","decl":{"start":{"line":148,"column":4},"end":{"line":148,"column":5}},"loc":{"start":{"line":148,"column":26},"end":{"line":178,"column":5}},"line":148},"11":{"name":"(anonymous_11)","decl":{"start":{"line":154,"column":28},"end":{"line":154,"column":29}},"loc":{"start":{"line":154,"column":34},"end":{"line":171,"column":9}},"line":154},"12":{"name":"(anonymous_12)","decl":{"start":{"line":183,"column":4},"end":{"line":183,"column":5}},"loc":{"start":{"line":183,"column":18},"end":{"line":198,"column":5}},"line":183},"13":{"name":"(anonymous_13)","decl":{"start":{"line":204,"column":4},"end":{"line":204,"column":5}},"loc":{"start":{"line":204,"column":23},"end":{"line":207,"column":5}},"line":204},"14":{"name":"(anonymous_14)","decl":{"start":{"line":212,"column":4},"end":{"line":212,"column":5}},"loc":{"start":{"line":212,"column":16},"end":{"line":214,"column":5}},"line":212},"15":{"name":"(anonymous_15)","decl":{"start":{"line":218,"column":46},"end":{"line":218,"column":47}},"loc":{"start":{"line":218,"column":52},"end":{"line":220,"column":1}},"line":218}},"branchMap":{"0":{"loc":{"start":{"line":51,"column":8},"end":{"line":53,"column":9}},"type":"if","locations":[{"start":{"line":51,"column":8},"end":{"line":53,"column":9}},{"start":{},"end":{}}],"line":51},"1":{"loc":{"start":{"line":65,"column":12},"end":{"line":68,"column":13}},"type":"if","locations":[{"start":{"line":65,"column":12},"end":{"line":68,"column":13}},{"start":{},"end":{}}],"line":65},"2":{"loc":{"start":{"line":65,"column":16},"end":{"line":65,"column":72}},"type":"binary-expr","locations":[{"start":{"line":65,"column":16},"end":{"line":65,"column":32}},{"start":{"line":65,"column":36},"end":{"line":65,"column":51}},{"start":{"line":65,"column":55},"end":{"line":65,"column":72}}],"line":65},"3":{"loc":{"start":{"line":109,"column":27},"end":{"line":109,"column":66}},"type":"cond-expr","locations":[{"start":{"line":109,"column":55},"end":{"line":109,"column":59}},{"start":{"line":109,"column":62},"end":{"line":109,"column":66}}],"line":109},"4":{"loc":{"start":{"line":150,"column":8},"end":{"line":152,"column":9}},"type":"if","locations":[{"start":{"line":150,"column":8},"end":{"line":152,"column":9}},{"start":{},"end":{}}],"line":150},"5":{"loc":{"start":{"line":157,"column":12},"end":{"line":162,"column":13}},"type":"if","locations":[{"start":{"line":157,"column":12},"end":{"line":162,"column":13}},{"start":{},"end":{}}],"line":157},"6":{"loc":{"start":{"line":185,"column":8},"end":{"line":188,"column":9}},"type":"if","locations":[{"start":{"line":185,"column":8},"end":{"line":188,"column":9}},{"start":{},"end":{}}],"line":185}},"s":{"0":0,"1":0,"2":0,"3":0,"4":0,"5":0,"6":0,"7":0,"8":0,"9":0,"10":0,"11":0,"12":0,"13":0,"14":0,"15":0,"16":0,"17":0,"18":0,"19":0,"20":0,"21":0,"22":0,"23":0,"24":0,"25":0,"26":0,"27":0,"28":0,"29":0,"30":0,"31":0,"32":0,"33":0,"34":0,"35":0,"36":0,"37":0,"38":0,"39":0,"40":0,"41":0,"42":0,"43":0,"44":0,"45":0,"46":0,"47":0,"48":0,"49":0,"50":0,"51":0,"52":0,"53":0,"54":0,"55":0,"56":0,"57":0,"58":0,"59":0,"60":0,"61":0,"62":0,"63":0,"64":0,"65":0,"66":0,"67":0},"f":{"0":0,"1":0,"2":0,"3":0,"4":0,"5":0,"6":0,"7":0,"8":0,"9":0,"10":0,"11":0,"12":0,"13":0,"14":0,"15":0},"b":{"0":[0,0],"1":[0,0],"2":[0,0,0],"3":[0,0],"4":[0,0],"5":[0,0],"6":[0,0]}}
,"/home/runner/work/QR-Dakoku/QR-Dakoku/docs/js/config.js": {"path":"/home/runner/work/QR-Dakoku/QR-Dakoku/docs/js/config.js","statementMap":{"0":{"start":{"line":7,"column":15},"end":{"line":77,"column":1}},"1":{"start":{"line":26,"column":8},"end":{"line":37,"column":9}},"2":{"start":{"line":27,"column":33},"end":{"line":31,"column":13}},"3":{"start":{"line":32,"column":12},"end":{"line":32,"column":81}},"4":{"start":{"line":33,"column":12},"end":{"line":33,"column":24}},"5":{"start":{"line":35,"column":12},"end":{"line":35,"column":50}},"6":{"start":{"line":36,"column":12},"end":{"line":36,"column":25}},"7":{"start":{"line":45,"column":8},"end":{"line":52,"column":9}},"8":{"start":{"line":46,"column":26},"end":{"line":46,"column":64}},"9":{"start":{"line":47,"column":12},"end":{"line":49,"column":13}},"10":{"start":{"line":48,"column":16},"end":{"line":48,"column":41}},"11":{"start":{"line":51,"column":12},"end":{"line":51,"column":52}},"12":{"start":{"line":53,"column":8},"end":{"line":53,"column":36}},"13":{"start":{"line":61,"column":23},"end":{"line":61,"column":34}},"14":{"start":{"line":62,"column":8},"end":{"line":62,"column":73}},"15":{"start":{"line":69,"column":8},"end":{"line":75,"column":9}},"16":{"start":{"line":70,"column":12},"end":{"line":70,"column":54}},"17":{"start":{"line":71,"column":12},"end":{"line":71,"column":24}},"18":{"start":{"line":73,"column":12},"end":{"line":73,"column":52}},"19":{"start":{"line":74,"column":12},"end":{"line":74,"column":25}}},"fnMap":{"0":{"name":"(anonymous_0)","decl":{"start":{"line":25,"column":4},"end":{"line":25,"column":5}},"loc":{"start":{"line":25,"column":17},"end":{"line":38,"column":5}},"line":25},"1":{"name":"(anonymous_1)","decl":{"start":{"line":44,"column":4},"end":{"line":44,"column":5}},"loc":{"start":{"line":44,"column":11},"end":{"line":54,"column":5}},"line":44},"2":{"name":"(anonymous_2)","decl":{"start":{"line":60,"column":4},"end":{"line":60,"column":5}},"loc":{"start":{"line":60,"column":19},"end":{"line":63,"column":5}},"line":60},"3":{"name":"(anonymous_3)","decl":{"start":{"line":68,"column":4},"end":{"line":68,"column":5}},"loc":{"start":{"line":68,"column":12},"end":{"line":76,"column":5}},"line":68}},"branchMap":{"0":{"loc":{"start":{"line":28,"column":26},"end":{"line":28,"column":47}},"type":"binary-expr","locations":[{"start":{"line":28,"column":26},"end":{"line":28,"column":41}},{"start":{"line":28,"column":45},"end":{"line":28,"column":47}}],"line":28},"1":{"loc":{"start":{"line":29,"column":25},"end":{"line":29,"column":45}},"type":"binary-expr","locations":[{"start":{"line":29,"column":25},"end":{"line":29,"column":39}},{"start":{"line":29,"column":43},"end":{"line":29,"column":45}}],"line":29},"2":{"loc":{"start":{"line":30,"column":27},"end":{"line":30,"column":49}},"type":"binary-expr","locations":[{"start":{"line":30,"column":27},"end":{"line":30,"column":43}},{"start":{"line":30,"column":47},"end":{"line":30,"column":49}}],"line":30},"3":{"loc":{"start":{"line":47,"column":12},"end":{"line":49,"column":13}},"type":"if","locations":[{"start":{"line":47,"column":12},"end":{"line":49,"column":13}},{"start":{},"end":{}}],"line":47},"4":{"loc":{"start":{"line":62,"column":18},"end":{"line":62,"column":71}},"type":"binary-expr","locations":[{"start":{"line":62,"column":18},"end":{"line":62,"column":33}},{"start":{"line":62,"column":37},"end":{"line":62,"column":51}},{"start":{"line":62,"column":55},"end":{"line":62,"column":71}}],"line":62}},"s":{"0":0,"1":0,"2":0,"3":0,"4":0,"5":0,"6":0,"7":0,"8":0,"9":0,"10":0,"11":0,"12":0,"13":0,"14":0,"15":0,"16":0,"17":0,"18":0,"19":0},"f":{"0":0,"1":0,"2":0,"3":0},"b":{"0":[0,0],"1":[0,0],"2":[0,0],"3":[0,0],"4":[0,0,0]}}
,"/home/runner/work/QR-Dakoku/QR-Dakoku/docs/js/token.js": {"path":"/home/runner/work/QR-Dakoku/QR-Dakoku/docs/js/token.js","statementMap":{"0":{"start":{"line":7,"column":23},"end":{"line":92,"column":1}},"1":{"start":{"line":16,"column":8},"end":{"line":38,"column":9}},"2":{"start":{"line":18,"column":30},"end":{"line":18,"column":40}},"3":{"start":{"line":21,"column":25},"end":{"line":21,"column":76}},"4":{"start":{"line":24,"column":25},"end":{"line":24,"column":37}},"5":{"start":{"line":27,"column":26},"end":{"line":27,"column":47}},"6":{"start":{"line":29,"column":12},"end":{"line":34,"column":14}},"7":{"start":{"line":36,"column":12},"end":{"line":36,"column":47}},"8":{"start":{"line":37,"column":12},"end":{"line":37,"column":46}},"9":{"start":{"line":47,"column":23},"end":{"line":52,"column":10}},"10":{"start":{"line":53,"column":8},"end":{"line":53,"column":33}},"11":{"start":{"line":63,"column":28},"end":{"line":63,"column":63}},"12":{"start":{"line":64,"column":26},"end":{"line":64,"column":59}},"13":{"start":{"line":65,"column":8},"end":{"line":65,"column":54}},"14":{"start":{"line":75,"column":20},"end":{"line":75,"column":30}},"15":{"start":{"line":76,"column":25},"end":{"line":76,"column":50}},"16":{"start":{"line":77,"column":8},"end":{"line":77,"column":44}},"17":{"start":{"line":87,"column":20},"end":{"line":87,"column":30}},"18":{"start":{"line":88,"column":25},"end":{"line":88,"column":50}},"19":{"start":{"line":89,"column":28},"end":{"line":89,"column":56}},"20":{"start":{"line":90,"column":8},"end":{"line":90,"column":59}}},"fnMap":{"0":{"name":"(anonymous_0)","decl":{"start":{"line":15,"column":4},"end":{"line":15,"column":5}},"loc":{"start":{"line":15,"column":44},"end":{"line":39,"column":5}},"line":15},"1":{"name":"(anonymous_1)","decl":{"start":{"line":46,"column":4},"end":{"line":46,"column":5}},"loc":{"start":{"line":46,"column":35},"end":{"line":54,"column":5}},"line":46},"2":{"name":"(anonymous_2)","decl":{"start":{"line":62,"column":4},"end":{"line":62,"column":5}},"loc":{"start":{"line":62,"column":36},"end":{"line":66,"column":5}},"line":62},"3":{"name":"(anonymous_3)","decl":{"start":{"line":74,"column":4},"end":{"line":74,"column":5}},"loc":{"start":{"line":74,"column":42},"end":{"line":78,"column":5}},"line":74},"4":{"name":"(anonymous_4)","decl":{"start":{"line":86,"column":4},"end":{"line":86,"column":5}},"loc":{"start":{"line":86,"column":54},"end":{"line":91,"column":5}},"line":86}},"branchMap":{"0":{"loc":{"start":{"line":64,"column":26},"end":{"line":64,"column":59}},"type":"cond-expr","locations":[{"start":{"line":64,"column":50},"end":{"line":64,"column":53}},{"start":{"line":64,"column":56},"end":{"line":64,"column":59}}],"line":64},"1":{"loc":{"start":{"line":74,"column":23},"end":{"line":74,"column":40}},"type":"default-arg","locations":[{"start":{"line":74,"column":39},"end":{"line":74,"column":40}}],"line":74},"2":{"loc":{"start":{"line":86,"column":35},"end":{"line":86,"column":52}},"type":"default-arg","locations":[{"start":{"line":86,"column":51},"end":{"line":86,"column":52}}],"line":86}},"s":{"0":0,"1":0,"2":0,"3":0,"4":0,"5":0,"6":0,"7":0,"8":0,"9":0,"10":0,"11":0,"12":0,"13":0,"14":0,"15":0,"16":0,"17":0,"18":0,"19":0,"20":0},"f":{"0":0,"1":0,"2":0,"3":0,"4":0},"b":{"0":[0,0],"1":[0],"2":[0]}}
}
